16:08:26 06/01/15
  Bind failed with error code 0
18:57:51 06/10/15
  Bind failed with error code 0
<<<<<<< HEAD
21:00:28 10/02/15
  Bind failed with error code 0
11:18:13 10/07/15
  Bind failed with error code 0
16:06:12 10/09/15
  Bind failed with error code 0
16:06:17 10/09/15
  Bind failed with error code 0
16:06:24 10/09/15
  Bind failed with error code 0
20:36:04 10/09/15
  Bind failed with error code 0
15:23:45 10/23/15
  Bind failed with error code 0
17:12:28 10/23/15
  Bind failed with error code 0
17:15:42 10/23/15
  Bind failed with error code 0
17:15:53 10/23/15
  Bind failed with error code 0
17:15:58 10/23/15
  Bind failed with error code 0
17:16:14 10/23/15
  Bind failed with error code 0
17:17:20 10/23/15
  Bind failed with error code 0
17:17:26 10/23/15
  Bind failed with error code 0
15:24:44 02/06/16
  Bind failed with error code 0
=======
13:26:31 07/01/15
  Write failed with error code 10053
>>>>>>> e000b64c3de51c14b8f20b035fcaea328934a214
13:47:42 02/09/16
  Bind failed with error code 0
